<?xml version="1.0" encoding="UTF-8"?>
<testResults version="1.2">
<httpSample t="99" lt="99" ts="1464729814173" s="true" lb="Test_Case1" rc="200" rm="OK" tn="CinemaCMSAPITest 1-1" dt="text" by="382">
  <assertionResult>
    <name>Response Assertion-ResponseCode</name>
    <failure>false</failure>
    <error>false</error>
  </assertionResult>
  <assertionResult>
    <name>Response Assertion-TextResponse</name>
    <failure>false</failure>
    <error>false</error>
  </assertionResult>
</httpSample>
<httpSample t="92" lt="92" ts="1464729814274" s="true" lb="Test_Case2" rc="200" rm="OK" tn="CinemaCMSAPITest 1-1" dt="text" by="382">
  <assertionResult>
    <name>Response Assertion-ResponseCode</name>
    <failure>true</failure>
    <error>false</error>
  </assertionResult>
  <assertionResult>
    <name>Response Assertion-TextResponse</name>
    <failure>false</failure>
    <error>false</error>
  </assertionResult>
</httpSample>
<httpSample t="87" lt="87" ts="1464729814369" s="true" lb="Test_Case3" rc="200" rm="OK" tn="CinemaCMSAPITest 1-1" dt="text" by="382">
  <assertionResult>
    <name>Response Assertion-ResponseCode</name>
    <failure>false</failure>
    <error>false</error>
  </assertionResult>
  <assertionResult>
    <name>Response Assertion-TextResponse</name>
    <failure>false</failure>
    <error>false</error>
  </assertionResult>
</httpSample>
<httpSample t="86" lt="86" ts="1464729814459" s="true" lb="Test_Case4" rc="200" rm="OK" tn="CinemaCMSAPITest 1-1" dt="text" by="382">
  <assertionResult>
    <name>Response Assertion-ResponseCode</name>
    <failure>false</failure>
    <error>true</error>
  </assertionResult>
  <assertionResult>
    <name>Response Assertion-TextResponse</name>
    <failure>false</failure>
    <error>false</error>
  </assertionResult>
</httpSample>
<httpSample t="85" lt="85" ts="1464729814549" s="true" lb="Test_Case5" rc="200" rm="OK" tn="CinemaCMSAPITest 1-1" dt="text" by="382">
  <assertionResult>
    <name>Response Assertion-ResponseCode</name>
    <failure>false</failure>
    <error>false</error>
  </assertionResult>
  <assertionResult>
    <name>Response Assertion-TextResponse</name>
    <failure>false</failure>
    <error>false</error>
  </assertionResult>
</httpSample>
<httpSample t="85" lt="85" ts="1464729814637" s="true" lb="Test_Case5" rc="200" rm="OK" tn="CinemaCMSAPITest 1-1" dt="text" by="382">
  <assertionResult>
    <name>Response Assertion-ResponseCode</name>
    <failure>false</failure>
    <error>false</error>
  </assertionResult>
  <assertionResult>
    <name>Response Assertion-TextResponse</name>
    <failure>false</failure>
    <error>false</error>
  </assertionResult>
</httpSample>
<httpSample t="140" lt="140" ts="1464729814724" s="true" lb="Test_Case6" rc="200" rm="OK" tn="CinemaCMSAPITest 1-1" dt="text" by="375">
  <assertionResult>
    <name>Response Assertion-ResponseCode</name>
    <failure>false</failure>
    <error>false</error>
  </assertionResult>
  <assertionResult>
    <name>Response Assertion-TextResponse</name>
    <failure>false</failure>
    <error>false</error>
  </assertionResult>
</httpSample>
<httpSample t="200" lt="200" ts="1464729814866" s="true" lb="Test_Case7" rc="200" rm="OK" tn="CinemaCMSAPITest 1-1" dt="text" by="375">
  <assertionResult>
    <name>Response Assertion-ResponseCode</name>
    <failure>false</failure>
    <error>false</error>
  </assertionResult>
  <assertionResult>
    <name>Response Assertion-TextResponse</name>
    <failure>false</failure>
    <error>false</error>
  </assertionResult>
</httpSample>
<httpSample t="240" lt="240" ts="1464729815068" s="true" lb="Test_Case8" rc="200" rm="OK" tn="CinemaCMSAPITest 1-1" dt="text" by="375">
  <assertionResult>
    <name>Response Assertion-ResponseCode</name>
    <failure>false</failure>
    <error>false</error>
  </assertionResult>
  <assertionResult>
    <name>Response Assertion-TextResponse</name>
    <failure>false</failure>
    <error>false</error>
  </assertionResult>
</httpSample>

</testResults>
