<?xml version="1.0" encoding="UTF-8"?>
<testResults version="1.2">
<httpSample t="149" lt="149" ts="1465328659407" s="true" lb="Unit_EdgeSpanTest_transmission-submit_Case1" tn="CinemaCMSAPITest 1-1" dt="text" by="382">
  <assertionResult>
    <name>Response Assertion-ResponseCode</name>
    <failure>false</failure>
    <error>false</error>
  </assertionResult>
  <assertionResult>
    <name>Response Assertion-TextResponse</name>
    <failure>false</failure>
    <error>false</error>
  </assertionResult>
</httpSample>
<httpSample t="96" lt="96" ts="1465328659561" s="true" lb="Unit_EdgeSpanTest_transmission-submit_Case2" tn="CinemaCMSAPITest 1-1" dt="text" by="382">
  <assertionResult>
    <name>Response Assertion-ResponseCode</name>
    <failure>false</failure>
    <error>false</error>
  </assertionResult>
  <assertionResult>
    <name>Response Assertion-TextResponse</name>
    <failure>false</failure>
    <error>false</error>
  </assertionResult>
</httpSample>
<httpSample t="86" lt="86" ts="1465328659660" s="true" lb="Unit_EdgeSpanTest_transmission-submit_Case3" tn="CinemaCMSAPITest 1-1" dt="text" by="382">
  <assertionResult>
    <name>Response Assertion-ResponseCode</name>
    <failure>false</failure>
    <error>false</error>
  </assertionResult>
  <assertionResult>
    <name>Response Assertion-TextResponse</name>
    <failure>false</failure>
    <error>false</error>
  </assertionResult>
</httpSample>
<httpSample t="87" lt="87" ts="1465328659749" s="true" lb="Unit_EdgeSpanTest_transmission-submit_Case4" tn="CinemaCMSAPITest 1-1" dt="text" by="382">
  <assertionResult>
    <name>Response Assertion-ResponseCode</name>
    <failure>false</failure>
    <error>false</error>
  </assertionResult>
  <assertionResult>
    <name>Response Assertion-TextResponse</name>
    <failure>false</failure>
    <error>false</error>
  </assertionResult>
</httpSample>
<httpSample t="91" lt="91" ts="1465328659842" s="true" lb="Unit_EdgeSpanTest_transmission-submit_Case5" tn="CinemaCMSAPITest 1-1" dt="text" by="382">
  <assertionResult>
    <name>Response Assertion-ResponseCode</name>
    <failure>false</failure>
    <error>false</error>
  </assertionResult>
  <assertionResult>
    <name>Response Assertion-TextResponse</name>
    <failure>false</failure>
    <error>false</error>
  </assertionResult>
</httpSample>
<httpSample t="88" lt="88" ts="1465328659938" s="true" lb="Unit_EdgeSpanTest_transmission-submit_Case5" tn="CinemaCMSAPITest 1-1" dt="text" by="382">
  <assertionResult>
    <name>Response Assertion-ResponseCode</name>
    <failure>false</failure>
    <error>false</error>
  </assertionResult>
  <assertionResult>
    <name>Response Assertion-TextResponse</name>
    <failure>false</failure>
    <error>false</error>
  </assertionResult>
</httpSample>
<httpSample t="116" lt="116" ts="1465328660031" s="true" lb="SM_Test_EdgeSpanTest_command-submit1" tn="CinemaCMSAPITest 1-1" dt="text" by="375">
  <assertionResult>
    <name>Response Assertion-ResponseCode</name>
    <failure>false</failure>
    <error>false</error>
  </assertionResult>
  <assertionResult>
    <name>Response Assertion-TextResponse</name>
    <failure>false</failure>
    <error>false</error>
  </assertionResult>
</httpSample>
<httpSample t="137" lt="137" ts="1465328660152" s="true" lb="SM_Test_EdgeSpanTest_command-submit2" tn="CinemaCMSAPITest 1-1" dt="text" by="375">
  <assertionResult>
    <name>Response Assertion-ResponseCode</name>
    <failure>false</failure>
    <error>false</error>
  </assertionResult>
  <assertionResult>
    <name>Response Assertion-TextResponse</name>
    <failure>false</failure>
    <error>false</error>
  </assertionResult>
</httpSample>
<httpSample t="143" lt="143" ts="1465328660292" s="true" lb="SM_Test_EdgeSpanTest_command-submit2" tn="CinemaCMSAPITest 1-1" dt="text" by="375">
  <assertionResult>
    <name>Response Assertion-ResponseCode</name>
    <failure>false</failure>
    <error>false</error>
  </assertionResult>
  <assertionResult>
    <name>Response Assertion-TextResponse</name>
    <failure>false</failure>
    <error>false</error>
  </assertionResult>
</httpSample>

<httpSample t="86" lt="86" ts="1465328713620" s="true" lb="Unit_EdgeSpanTest_transmission-submit_Case1" tn="CinemaCMSAPITest 1-1" dt="text" by="382">
  <assertionResult>
    <name>Response Assertion-ResponseCode</name>
    <failure>false</failure>
    <error>false</error>
  </assertionResult>
  <assertionResult>
    <name>Response Assertion-TextResponse</name>
    <failure>false</failure>
    <error>false</error>
  </assertionResult>
</httpSample>
<httpSample t="86" lt="86" ts="1465328713711" s="true" lb="Unit_EdgeSpanTest_transmission-submit_Case2" tn="CinemaCMSAPITest 1-1" dt="text" by="382">
  <assertionResult>
    <name>Response Assertion-ResponseCode</name>
    <failure>false</failure>
    <error>false</error>
  </assertionResult>
  <assertionResult>
    <name>Response Assertion-TextResponse</name>
    <failure>false</failure>
    <error>false</error>
  </assertionResult>
</httpSample>
<httpSample t="98" lt="98" ts="1465328713802" s="true" lb="Unit_EdgeSpanTest_transmission-submit_Case3" tn="CinemaCMSAPITest 1-1" dt="text" by="382">
  <assertionResult>
    <name>Response Assertion-ResponseCode</name>
    <failure>false</failure>
    <error>false</error>
  </assertionResult>
  <assertionResult>
    <name>Response Assertion-TextResponse</name>
    <failure>false</failure>
    <error>false</error>
  </assertionResult>
</httpSample>
<httpSample t="117" lt="117" ts="1465328713904" s="true" lb="Unit_EdgeSpanTest_transmission-submit_Case4" tn="CinemaCMSAPITest 1-1" dt="text" by="382">
  <assertionResult>
    <name>Response Assertion-ResponseCode</name>
    <failure>false</failure>
    <error>false</error>
  </assertionResult>
  <assertionResult>
    <name>Response Assertion-TextResponse</name>
    <failure>false</failure>
    <error>false</error>
  </assertionResult>
</httpSample>
<httpSample t="95" lt="95" ts="1465328714025" s="true" lb="Unit_EdgeSpanTest_transmission-submit_Case5" tn="CinemaCMSAPITest 1-1" dt="text" by="382">
  <assertionResult>
    <name>Response Assertion-ResponseCode</name>
    <failure>false</failure>
    <error>false</error>
  </assertionResult>
  <assertionResult>
    <name>Response Assertion-TextResponse</name>
    <failure>false</failure>
    <error>false</error>
  </assertionResult>
</httpSample>
<httpSample t="260" lt="260" ts="1465328714125" s="true" lb="Unit_EdgeSpanTest_transmission-submit_Case5" tn="CinemaCMSAPITest 1-1" dt="text" by="382">
  <assertionResult>
    <name>Response Assertion-ResponseCode</name>
    <failure>false</failure>
    <error>false</error>
  </assertionResult>
  <assertionResult>
    <name>Response Assertion-TextResponse</name>
    <failure>false</failure>
    <error>false</error>
  </assertionResult>
</httpSample>
<httpSample t="267" lt="267" ts="1465328714389" s="true" lb="SM_Test_EdgeSpanTest_command-submit1" tn="CinemaCMSAPITest 1-1" dt="text" by="375">
  <assertionResult>
    <name>Response Assertion-ResponseCode</name>
    <failure>false</failure>
    <error>false</error>
  </assertionResult>
  <assertionResult>
    <name>Response Assertion-TextResponse</name>
    <failure>false</failure>
    <error>false</error>
  </assertionResult>
</httpSample>
<httpSample t="125" lt="125" ts="1465328714660" s="true" lb="SM_Test_EdgeSpanTest_command-submit2" tn="CinemaCMSAPITest 1-1" dt="text" by="375">
  <assertionResult>
    <name>Response Assertion-ResponseCode</name>
    <failure>false</failure>
    <error>false</error>
  </assertionResult>
  <assertionResult>
    <name>Response Assertion-TextResponse</name>
    <failure>false</failure>
    <error>false</error>
  </assertionResult>
</httpSample>
<httpSample t="146" lt="146" ts="1465328714790" s="true" lb="SM_Test_EdgeSpanTest_command-submit2" tn="CinemaCMSAPITest 1-1" dt="text" by="375">
  <assertionResult>
    <name>Response Assertion-ResponseCode</name>
    <failure>false</failure>
    <error>false</error>
  </assertionResult>
  <assertionResult>
    <name>Response Assertion-TextResponse</name>
    <failure>false</failure>
    <error>false</error>
  </assertionResult>
</httpSample>

</testResults>
